Created by PLY version 3.11 (http://www.dabeaz.com/ply)

Unused terminals:

    DELETE
    ISNEGADO
    NEW

Grammar

Rule 0     S' -> cuerpo
Rule 1     cuerpo -> instrucciones
Rule 2     cuerpo -> funcion
Rule 3     cuerpo -> estrcontrol
Rule 4     cuerpo -> def_clase
Rule 5     cuerpo -> constructor
Rule 6     cuerpo -> <empty>
Rule 7     instrucciones -> instruccion PUNTOYCOMA
Rule 8     instrucciones -> instruccion PUNTOYCOMA instrucciones
Rule 9     instrucciones -> BREAK PUNTOYCOMA
Rule 10    instrucciones -> CONTINUE PUNTOYCOMA
Rule 11    instrucciones -> RETURN VARIABLE PUNTOYCOMA
Rule 12    instrucciones -> TYPEOF VARIABLE
Rule 13    instrucciones -> VARIABLE INSTANCEOF VARIABLE
Rule 14    instrucciones -> estrcontrol
Rule 15    instrucciones -> estrcontrol instrucciones
Rule 16    instrucciones -> llamarfuncion
Rule 17    instrucciones -> llamarfuncion instrucciones
Rule 18    instrucciones -> trycatch
Rule 19    instrucciones -> trycatch instrucciones
Rule 20    instruccion -> asignacion
Rule 21    instruccion -> expression
Rule 22    instruccion -> comparacion
Rule 23    instruccion -> declaracion
Rule 24    instruccion -> declaasig
Rule 25    instruccion -> operadores
Rule 26    declaracion -> VAR VARIABLE
Rule 27    declaracion -> LET VARIABLE
Rule 28    declaasig -> VAR asignacion
Rule 29    declaasig -> LET asignacion
Rule 30    declaasig -> CONST asignacion
Rule 31    estrcontrol -> if
Rule 32    estrcontrol -> for
Rule 33    estrcontrol -> while
Rule 34    estrcontrol -> dowhile
Rule 35    estrcontrol -> switch
Rule 36    valor -> ENTERO
Rule 37    valor -> FLOAT
Rule 38    valor -> STRING
Rule 39    valor -> BOOL
Rule 40    if -> IF PIZQ comparacion PDER LIZQ instrucciones LDER
Rule 41    if -> IF PIZQ comparacion PDER LIZQ instrucciones LDER elseif
Rule 42    if -> IF PIZQ comparacion PDER LIZQ instrucciones LDER else
Rule 43    elseif -> ELSE IF PIZQ comparacion PDER LIZQ instrucciones LDER
Rule 44    elseif -> ELSE IF PIZQ comparacion PDER LIZQ instrucciones LDER elseif
Rule 45    elseif -> ELSE IF PIZQ comparacion PDER LIZQ instrucciones LDER else
Rule 46    else -> ELSE LIZQ instrucciones LDER
Rule 47    else -> ELSE LIZQ LDER
Rule 48    for -> FOR PIZQ declaasig PUNTOYCOMA comparacion PUNTOYCOMA operadores PDER LIZQ instrucciones LDER
Rule 49    for -> FOR PIZQ declaasig PUNTOYCOMA comparacion PUNTOYCOMA asignacion PDER LIZQ instrucciones LDER
Rule 50    for -> FOR PIZQ declaracion IN VARIABLE PDER LIZQ instrucciones LDER
Rule 51    while -> WHILE PIZQ comparacion PDER LIZQ instrucciones LDER
Rule 52    dowhile -> DO LIZQ instrucciones LDER WHILE PIZQ comparacion PDER PUNTOYCOMA
Rule 53    switch -> SWITCH PIZQ VARIABLE PDER LIZQ cases LDER
Rule 54    cases -> CASE VARIABLE DOSPUNTOS instrucciones
Rule 55    cases -> CASE VARIABLE DOSPUNTOS instrucciones cases
Rule 56    cases -> DEFAULT DOSPUNTOS instrucciones
Rule 57    throw -> THROW VARIABLE PUNTOYCOMA
Rule 58    trycatch -> TRY LIZQ instrucciones LDER CATCH PIZQ VARIABLE PDER LIZQ instrucciones LDER
Rule 59    trycatch -> TRY LIZQ instrucciones LDER FINALLY LIZQ instrucciones LDER
Rule 60    trycatch -> TRY LIZQ instrucciones LDER CATCH PIZQ VARIABLE PDER LIZQ instrucciones LDER FINALLY LIZQ instrucciones LDER
Rule 61    asignacion -> VARIABLE IGUAL expression
Rule 62    asignacion -> VARIABLE IGUAL comparacion
Rule 63    asignacion -> VARIABLE IGUAL valor
Rule 64    asignacion -> VARIABLE IGUAL llamarfuncion
Rule 65    asignacion -> VARIABLE IGUAL dec_array
Rule 66    dec_array -> CIZQ array_enteros CDER
Rule 67    dec_array -> CIZQ array_flotante CDER
Rule 68    dec_array -> CIZQ array_string CDER
Rule 69    dec_array -> CIZQ array_boolean CDER
Rule 70    array_enteros -> ENTERO
Rule 71    array_enteros -> ENTERO COMA array_enteros
Rule 72    array_flotante -> FLOAT
Rule 73    array_flotante -> FLOAT COMA array_flotante
Rule 74    array_string -> STRING
Rule 75    array_string -> STRING COMA array_string
Rule 76    array_boolean -> BOOL
Rule 77    array_boolean -> BOOL COMA array_boolean
Rule 78    comparacion -> expression comparador expression
Rule 79    comparacion -> expression comparador expression DAMPERSAND comparacion
Rule 80    comparacion -> expression comparador expression DTUBO comparacion
Rule 81    comparacion -> STRING DIGUAL STRING
Rule 82    comparacion -> VARIABLE comparador ENTERO
Rule 83    comparador -> MAYOR
Rule 84    comparador -> MENOR
Rule 85    comparador -> MAYIGUAL
Rule 86    comparador -> MENIGUAL
Rule 87    comparador -> DIGUAL
Rule 88    comparador -> NOIGUAL
Rule 89    operadores -> VARIABLE DSUMA
Rule 90    operadores -> VARIABLE DRESTA
Rule 91    expression -> expression SUMA term
Rule 92    expression -> VARIABLE SUMA VARIABLE
Rule 93    expression -> expression RESTA term
Rule 94    expression -> VARIABLE RESTA VARIABLE
Rule 95    expression -> term
Rule 96    expression -> VARIABLE
Rule 97    term -> term MULTI factor
Rule 98    term -> VARIABLE MULTI VARIABLE
Rule 99    term -> term DIV factor
Rule 100   term -> VARIABLE RESTA VARIABLE
Rule 101   term -> factor
Rule 102   factor -> ENTERO
Rule 103   factor -> FLOAT
Rule 104   expression -> PIZQ expression PDER
Rule 105   expression -> LIZQ expression LDER
Rule 106   funcion -> FUNCTION VARIABLE PIZQ argumentos PDER LIZQ instrucciones LDER
Rule 107   funcion -> FUNCTION VARIABLE PIZQ argumentos PDER LIZQ LDER
Rule 108   funcion -> FUNCTION VARIABLE PIZQ PDER LIZQ instrucciones LDER
Rule 109   funcion -> FUNCTION VARIABLE PIZQ PDER LIZQ LDER
Rule 110   llamarfuncion -> VARIABLE PIZQ argumentos PDER PUNTOYCOMA
Rule 111   llamarfuncion -> VARIABLE PIZQ PDER PUNTOYCOMA
Rule 112   argumentos -> VARIABLE
Rule 113   argumentos -> VARIABLE COMA argumentos
Rule 114   constructor -> CONSTRUCTOR PIZQ argumentos PDER LIZQ metodo_cuerpo_class LDER
Rule 115   constructor -> CONSTRUCTOR PIZQ PDER LIZQ metodo_cuerpo_class LDER
Rule 116   constructor -> CONSTRUCTOR PIZQ PDER LIZQ LDER
Rule 117   var_class -> THIS PUNTO VARIABLE
Rule 118   var_class -> THIS PUNTO VARIABLE IGUAL valor
Rule 119   var_class -> THIS PUNTO VARIABLE IGUAL VARIABLE
Rule 120   metodo_cuerpo_class -> cuerpo
Rule 121   metodo_cuerpo_class -> var_class
Rule 122   metodo_cuerpo_class -> metodo_cuerpo_class
Rule 123   metodos_class -> funcion
Rule 124   metodos_class -> funcion metodos_class
Rule 125   cuerpo_class -> metodos_class
Rule 126   cuerpo_class -> constructor
Rule 127   cuerpo_class -> constructor metodos_class
Rule 128   def_clase -> CLASS VARIABLE LIZQ cuerpo_class LDER
Rule 129   def_clase -> CLASS VARIABLE LIZQ LDER
Rule 130   operadores_arit -> SUMA
Rule 131   operadores_arit -> RESTA
Rule 132   operadores_arit -> MULTI
Rule 133   operadores_arit -> DIV
Rule 134   operadores_arit -> MOD
Rule 135   numerico -> ENTERO
Rule 136   numerico -> FLOAT
Rule 137   sem_numeros -> numerico operadores_arit numerico
Rule 138   sem_string -> STRING SUMA STRING
Rule 139   castring -> castring_numero
Rule 140   castring -> castring_boolean
Rule 141   castring_numero -> STR PIZQ numericos PDER
Rule 142   castring_numero -> PIZQ numericos PDER PUNTO TOSTRING PIZQ PDER
Rule 143   castring_boolean -> STR PIZQ BOOL PDER
Rule 144   castring_boolean -> BOOL PUNTO TOSTRING PIZQ PDER

Terminals, with rules where they appear

BOOL                 : 39 76 77 143 144
BREAK                : 9
CASE                 : 54 55
CATCH                : 58 60
CDER                 : 66 67 68 69
CIZQ                 : 66 67 68 69
CLASS                : 128 129
COMA                 : 71 73 75 77 113
CONST                : 30
CONSTRUCTOR          : 114 115 116
CONTINUE             : 10
DAMPERSAND           : 79
DEFAULT              : 56
DELETE               : 
DIGUAL               : 81 87
DIV                  : 99 133
DO                   : 52
DOSPUNTOS            : 54 55 56
DRESTA               : 90
DSUMA                : 89
DTUBO                : 80
ELSE                 : 43 44 45 46 47
ENTERO               : 36 70 71 82 102 135
FINALLY              : 59 60
FLOAT                : 37 72 73 103 136
FOR                  : 48 49 50
FUNCTION             : 106 107 108 109
IF                   : 40 41 42 43 44 45
IGUAL                : 61 62 63 64 65 118 119
IN                   : 50
INSTANCEOF           : 13
ISNEGADO             : 
LDER                 : 40 41 42 43 44 45 46 47 48 49 50 51 52 53 58 58 59 59 60 60 60 105 106 107 108 109 114 115 116 128 129
LET                  : 27 29
LIZQ                 : 40 41 42 43 44 45 46 47 48 49 50 51 52 53 58 58 59 59 60 60 60 105 106 107 108 109 114 115 116 128 129
MAYIGUAL             : 85
MAYOR                : 83
MENIGUAL             : 86
MENOR                : 84
MOD                  : 134
MULTI                : 97 98 132
NEW                  : 
NOIGUAL              : 88
PDER                 : 40 41 42 43 44 45 48 49 50 51 52 53 58 60 104 106 107 108 109 110 111 114 115 116 141 142 142 143 144
PIZQ                 : 40 41 42 43 44 45 48 49 50 51 52 53 58 60 104 106 107 108 109 110 111 114 115 116 141 142 142 143 144
PUNTO                : 117 118 119 142 144
PUNTOYCOMA           : 7 8 9 10 11 48 48 49 49 52 57 110 111
RESTA                : 93 94 100 131
RETURN               : 11
STRING               : 38 74 75 81 81 138 138
SUMA                 : 91 92 130 138
SWITCH               : 53
THIS                 : 117 118 119
THROW                : 57
TRY                  : 58 59 60
TYPEOF               : 12
VAR                  : 26 28
VARIABLE             : 11 12 13 13 26 27 50 53 54 55 57 58 60 61 62 63 64 65 82 89 90 92 92 94 94 96 98 98 100 100 106 107 108 109 110 111 112 113 117 118 119 119 128 129
WHILE                : 51 52
error                : 

Nonterminals, with rules where they appear

STR                  : 141 143
TOSTRING             : 142 144
argumentos           : 106 107 110 113 114
array_boolean        : 69 77
array_enteros        : 66 71
array_flotante       : 67 73
array_string         : 68 75
asignacion           : 20 28 29 30 49
cases                : 53 55
castring             : 
castring_boolean     : 140
castring_numero      : 139
comparacion          : 22 40 41 42 43 44 45 48 49 51 52 62 79 80
comparador           : 78 79 80 82
constructor          : 5 126 127
cuerpo               : 120 0
cuerpo_class         : 128
dec_array            : 65
declaasig            : 24 48 49
declaracion          : 23 50
def_clase            : 4
dowhile              : 34
else                 : 42 45
elseif               : 41 44
estrcontrol          : 3 14 15
expression           : 21 61 78 78 79 79 80 80 91 93 104 105
factor               : 97 99 101
for                  : 32
funcion              : 2 123 124
if                   : 31
instruccion          : 7 8
instrucciones        : 1 8 15 17 19 40 41 42 43 44 45 46 48 49 50 51 52 54 55 56 58 58 59 59 60 60 60 106 108
llamarfuncion        : 16 17 64
metodo_cuerpo_class  : 114 115 122
metodos_class        : 124 125 127
numerico             : 137 137
numericos            : 141 142
operadores           : 25 48
operadores_arit      : 137
sem_numeros          : 
sem_string           : 
switch               : 35
term                 : 91 93 95 97 99
throw                : 
trycatch             : 18 19
valor                : 63 118
var_class            : 121
while                : 33

